<?xml version="1.0" encoding="UTF-8"?>
<!-- Generated by org.testng.reporters.JUnitReportReporter -->
<testsuite skipped="0" hostname="LAPTOP-SNG10N7O" name="day1.Printsample" tests="1" failures="0" timestamp="11 Nov 2017 15:15:43 GMT" time="0.028" errors="0">
  <testcase name="f" time="0.028" classname="day1.Printsample"/>
</testsuite> <!-- day1.Printsample -->
